# JRE version: Java(TM) SE Runtime Environment (8.0_191-b12) (build 1.8.0_191-b12)
# Java VM: Java HotSpot(TM) 64-Bit Server VM (25.191-b12 mixed mode bsd-amd64 compressed oops)
Heap:
 PSYoungGen      total 465920K, used 232960K [0x0000000795580000, 0x00000007c0000000, 0x00000007c0000000)
  eden space 232960K, 100% used [0x0000000795580000,0x00000007a3900000,0x00000007a3900000)
  from space 232960K, 0% used [0x00000007a3900000,0x00000007a3900000,0x00000007b1c80000)
  to   space 232960K, 0% used [0x00000007b1c80000,0x00000007b1c80000,0x00000007c0000000)
 ParOldGen       total 1398272K, used 1397863K [0x0000000740000000, 0x0000000795580000, 0x0000000795580000)
  object space 1398272K, 99% used [0x0000000740000000,0x0000000795519cf0,0x0000000795580000)
 Metaspace       used 31029K, capacity 33464K, committed 33664K, reserved 1079296K
  class space    used 4452K, capacity 4687K, committed 4736K, reserved 1048576K
GC Heap History (10 events):
Event: 480.973 GC heap before
{Heap before GC invocations=261 (full 70):
 PSYoungGen      total 465920K, used 232960K [0x0000000795580000, 0x00000007c0000000, 0x00000007c0000000)
  eden space 232960K, 100% used [0x0000000795580000,0x00000007a3900000,0x00000007a3900000)
  from space 232960K, 0% used [0x00000007a3900000,0x00000007a3900000,0x00000007b1c80000)
  to   space 232960K, 0% used [0x00000007b1c80000,0x00000007b1c80000,0x00000007c0000000)
 ParOldGen       total 1398272K, used 1397862K [0x0000000740000000, 0x0000000795580000, 0x0000000795580000)
  object space 1398272K, 99% used [0x0000000740000000,0x00000007955198e0,0x0000000795580000)
 Metaspace       used 31012K, capacity 33464K, committed 33664K, reserved 1079296K
  class space    used 4451K, capacity 4687K, committed 4736K, reserved 1048576K
Event: 492.212 GC heap after
Heap after GC invocations=261 (full 70):
 PSYoungGen      total 465920K, used 232959K [0x0000000795580000, 0x00000007c0000000, 0x00000007c0000000)
  eden space 232960K, 99% used [0x0000000795580000,0x00000007a38fff70,0x00000007a3900000)
  from space 232960K, 0% used [0x00000007a3900000,0x00000007a3900000,0x00000007b1c80000)
  to   space 232960K, 0% used [0x00000007b1c80000,0x00000007b1c80000,0x00000007c0000000)
 ParOldGen       total 1398272K, used 1397861K [0x0000000740000000, 0x0000000795580000, 0x0000000795580000)
  object space 1398272K, 99% used [0x0000000740000000,0x00000007955197d8,0x0000000795580000)
 Metaspace       used 31012K, capacity 33464K, committed 33664K, reserved 1079296K
  class space    used 4451K, capacity 4687K, committed 4736K, reserved 1048576K
}
Event: 492.212 GC heap before
{Heap before GC invocations=262 (full 71):
 PSYoungGen      total 465920K, used 232959K [0x0000000795580000, 0x00000007c0000000, 0x00000007c0000000)
  eden space 232960K, 99% used [0x0000000795580000,0x00000007a38ffff8,0x00000007a3900000)
  from space 232960K, 0% used [0x00000007a3900000,0x00000007a3900000,0x00000007b1c80000)
  to   space 232960K, 0% used [0x00000007b1c80000,0x00000007b1c80000,0x00000007c0000000)
 ParOldGen       total 1398272K, used 1397861K [0x0000000740000000, 0x0000000795580000, 0x0000000795580000)
  object space 1398272K, 99% used [0x0000000740000000,0x00000007955197d8,0x0000000795580000)
 Metaspace       used 31012K, capacity 33464K, committed 33664K, reserved 1079296K
  class space    used 4451K, capacity 4687K, committed 4736K, reserved 1048576K
Event: 500.093 GC heap after
Heap after GC invocations=262 (full 71):
 PSYoungGen      total 465920K, used 232959K [0x0000000795580000, 0x00000007c0000000, 0x00000007c0000000)
  eden space 232960K, 99% used [0x0000000795580000,0x00000007a38ffff8,0x00000007a3900000)
  from space 232960K, 0% used [0x00000007a3900000,0x00000007a3900000,0x00000007b1c80000)
  to   space 232960K, 0% used [0x00000007b1c80000,0x00000007b1c80000,0x00000007c0000000)
 ParOldGen       total 1398272K, used 1397861K [0x0000000740000000, 0x0000000795580000, 0x0000000795580000)
  object space 1398272K, 99% used [0x0000000740000000,0x00000007955197d8,0x0000000795580000)
 Metaspace       used 31012K, capacity 33464K, committed 33664K, reserved 1079296K
  class space    used 4451K, capacity 4687K, committed 4736K, reserved 1048576K
}
Event: 500.093 GC heap before
{Heap before GC invocations=263 (full 72):
 PSYoungGen      total 465920K, used 232959K [0x0000000795580000, 0x00000007c0000000, 0x00000007c0000000)
  eden space 232960K, 99% used [0x0000000795580000,0x00000007a38ffff8,0x00000007a3900000)
  from space 232960K, 0% used [0x00000007a3900000,0x00000007a3900000,0x00000007b1c80000)
  to   space 232960K, 0% used [0x00000007b1c80000,0x00000007b1c80000,0x00000007c0000000)
 ParOldGen       total 1398272K, used 1397864K [0x0000000740000000, 0x0000000795580000, 0x0000000795580000)
  object space 1398272K, 99% used [0x0000000740000000,0x000000079551a038,0x0000000795580000)
 Metaspace       used 31012K, capacity 33464K, committed 33664K, reserved 1079296K
  class space    used 4451K, capacity 4687K, committed 4736K, reserved 1048576K
Event: 510.613 GC heap after
Heap after GC invocations=263 (full 72):
 PSYoungGen      total 465920K, used 232956K [0x0000000795580000, 0x00000007c0000000, 0x00000007c0000000)
  eden space 232960K, 99% used [0x0000000795580000,0x00000007a38ff3b0,0x00000007a3900000)
  from space 232960K, 0% used [0x00000007a3900000,0x00000007a3900000,0x00000007b1c80000)
  to   space 232960K, 0% used [0x00000007b1c80000,0x00000007b1c80000,0x00000007c0000000)
 ParOldGen       total 1398272K, used 1397863K [0x0000000740000000, 0x0000000795580000, 0x0000000795580000)
  object space 1398272K, 99% used [0x0000000740000000,0x0000000795519d00,0x0000000795580000)
 Metaspace       used 31012K, capacity 33464K, committed 33664K, reserved 1079296K
  class space    used 4451K, capacity 4687K, committed 4736K, reserved 1048576K
}
Event: 510.615 GC heap before
{Heap before GC invocations=264 (full 73):
 PSYoungGen      total 465920K, used 232960K [0x0000000795580000, 0x00000007c0000000, 0x00000007c0000000)
  eden space 232960K, 100% used [0x0000000795580000,0x00000007a3900000,0x00000007a3900000)
  from space 232960K, 0% used [0x00000007a3900000,0x00000007a3900000,0x00000007b1c80000)
  to   space 232960K, 0% used [0x00000007b1c80000,0x00000007b1c80000,0x00000007c0000000)
 ParOldGen       total 1398272K, used 1397863K [0x0000000740000000, 0x0000000795580000, 0x0000000795580000)
  object space 1398272K, 99% used [0x0000000740000000,0x0000000795519d00,0x0000000795580000)
 Metaspace       used 31027K, capacity 33464K, committed 33664K, reserved 1079296K
  class space    used 4452K, capacity 4687K, committed 4736K, reserved 1048576K
Event: 519.948 GC heap after
Heap after GC invocations=264 (full 73):
 PSYoungGen      total 465920K, used 232958K [0x0000000795580000, 0x00000007c0000000, 0x00000007c0000000)
  eden space 232960K, 99% used [0x0000000795580000,0x00000007a38ff878,0x00000007a3900000)
  from space 232960K, 0% used [0x00000007a3900000,0x00000007a3900000,0x00000007b1c80000)
  to   space 232960K, 0% used [0x00000007b1c80000,0x00000007b1c80000,0x00000007c0000000)
 ParOldGen       total 1398272K, used 1397863K [0x0000000740000000, 0x0000000795580000, 0x0000000795580000)
  object space 1398272K, 99% used [0x0000000740000000,0x0000000795519cf0,0x0000000795580000)
 Metaspace       used 31027K, capacity 33464K, committed 33664K, reserved 1079296K
  class space    used 4452K, capacity 4687K, committed 4736K, reserved 1048576K
}
Event: 519.950 GC heap before
{Heap before GC invocations=265 (full 74):
 PSYoungGen      total 465920K, used 232960K [0x0000000795580000, 0x00000007c0000000, 0x00000007c0000000)
  eden space 232960K, 100% used [0x0000000795580000,0x00000007a3900000,0x00000007a3900000)
  from space 232960K, 0% used [0x00000007a3900000,0x00000007a3900000,0x00000007b1c80000)
  to   space 232960K, 0% used [0x00000007b1c80000,0x00000007b1c80000,0x00000007c0000000)
 ParOldGen       total 1398272K, used 1397863K [0x0000000740000000, 0x0000000795580000, 0x0000000795580000)
  object space 1398272K, 99% used [0x0000000740000000,0x0000000795519cf0,0x0000000795580000)
 Metaspace       used 31029K, capacity 33464K, committed 33664K, reserved 1079296K
  class space    used 4452K, capacity 4687K, committed 4736K, reserved 1048576K
Event: 525.555 GC heap after
Heap after GC invocations=265 (full 74):
 PSYoungGen      total 465920K, used 232958K [0x0000000795580000, 0x00000007c0000000, 0x00000007c0000000)
  eden space 232960K, 99% used [0x0000000795580000,0x00000007a38ff8a0,0x00000007a3900000)
  from space 232960K, 0% used [0x00000007a3900000,0x00000007a3900000,0x00000007b1c80000)
  to   space 232960K, 0% used [0x00000007b1c80000,0x00000007b1c80000,0x00000007c0000000)
 ParOldGen       total 1398272K, used 1397863K [0x0000000740000000, 0x0000000795580000, 0x0000000795580000)
  object space 1398272K, 99% used [0x0000000740000000,0x0000000795519cf0,0x0000000795580000)
 Metaspace       used 31029K, capacity 33464K, committed 33664K, reserved 1079296K
  class space    used 4452K, capacity 4687K, committed 4736K, reserved 1048576K
}

